<?xml version="1.0" encoding="UTF-8"?>
<testsuite name="TestSuite" time="2.104" tests="30" errors="0" skipped="0" failures="0">
  <properties>
    <property name="java.runtime.name" value="Java(TM) SE Runtime Environment"/>
    <property name="sun.boot.library.path" value="/usr/lib/jvm/java-8-oracle/jre/lib/amd64"/>
    <property name="java.vm.version" value="25.151-b12"/>
    <property name="java.vm.vendor" value="Oracle Corporation"/>
    <property name="java.vendor.url" value="http://java.oracle.com/"/>
    <property name="path.separator" value=":"/>
    <property name="guice.disable.misplaced.annotation.check" value="true"/>
    <property name="java.vm.name" value="Java HotSpot(TM) 64-Bit Server VM"/>
    <property name="file.encoding.pkg" value="sun.io"/>
    <property name="user.country" value="US"/>
    <property name="sun.java.launcher" value="SUN_STANDARD"/>
    <property name="sun.os.patch.level" value="unknown"/>
    <property name="java.vm.specification.name" value="Java Virtual Machine Specification"/>
    <property name="user.dir" value="/home/erik/eclipse-workspace/calculator-erike"/>
    <property name="java.runtime.version" value="1.8.0_151-b12"/>
    <property name="java.awt.graphicsenv" value="sun.awt.X11GraphicsEnvironment"/>
    <property name="java.endorsed.dirs" value="/usr/lib/jvm/java-8-oracle/jre/lib/endorsed"/>
    <property name="os.arch" value="amd64"/>
    <property name="java.io.tmpdir" value="/tmp"/>
    <property name="line.separator" value="&#10;"/>
    <property name="java.vm.specification.vendor" value="Oracle Corporation"/>
    <property name="os.name" value="Linux"/>
    <property name="classworlds.conf" value="/usr/share/maven/bin/m2.conf"/>
    <property name="sun.jnu.encoding" value="UTF-8"/>
    <property name="java.library.path" value="/usr/java/packages/lib/amd64:/usr/lib64:/lib64:/lib:/usr/lib"/>
    <property name="java.specification.name" value="Java Platform API Specification"/>
    <property name="java.class.version" value="52.0"/>
    <property name="sun.management.compiler" value="HotSpot 64-Bit Tiered Compilers"/>
    <property name="os.version" value="4.4.0-101-generic"/>
    <property name="user.home" value="/home/erik"/>
    <property name="user.timezone" value="Europe/Stockholm"/>
    <property name="java.awt.printerjob" value="sun.print.PSPrinterJob"/>
    <property name="file.encoding" value="UTF-8"/>
    <property name="java.specification.version" value="1.8"/>
    <property name="user.name" value="erik"/>
    <property name="java.class.path" value="/usr/share/maven/boot/plexus-classworlds-2.x.jar"/>
    <property name="java.vm.specification.version" value="1.8"/>
    <property name="sun.arch.data.model" value="64"/>
    <property name="java.home" value="/usr/lib/jvm/java-8-oracle/jre"/>
    <property name="sun.java.command" value="org.codehaus.plexus.classworlds.launcher.Launcher clean install -U"/>
    <property name="java.specification.vendor" value="Oracle Corporation"/>
    <property name="user.language" value="en"/>
    <property name="awt.toolkit" value="sun.awt.X11.XToolkit"/>
    <property name="java.vm.info" value="mixed mode"/>
    <property name="java.version" value="1.8.0_151"/>
    <property name="java.ext.dirs" value="/usr/lib/jvm/java-8-oracle/jre/lib/ext:/usr/java/packages/lib/ext"/>
    <property name="securerandom.source" value="file:/dev/./urandom"/>
    <property name="sun.boot.class.path" value="/usr/lib/jvm/java-8-oracle/jre/lib/resources.jar:/usr/lib/jvm/java-8-oracle/jre/lib/rt.jar:/usr/lib/jvm/java-8-oracle/jre/lib/sunrsasign.jar:/usr/lib/jvm/java-8-oracle/jre/lib/jsse.jar:/usr/lib/jvm/java-8-oracle/jre/lib/jce.jar:/usr/lib/jvm/java-8-oracle/jre/lib/charsets.jar:/usr/lib/jvm/java-8-oracle/jre/lib/jfr.jar:/usr/lib/jvm/java-8-oracle/jre/classes"/>
    <property name="java.vendor" value="Oracle Corporation"/>
    <property name="maven.home" value="/usr/share/maven"/>
    <property name="file.separator" value="/"/>
    <property name="java.vendor.url.bug" value="http://bugreport.sun.com/bugreport/"/>
    <property name="sun.cpu.endian" value="little"/>
    <property name="sun.io.unicode.encoding" value="UnicodeLittle"/>
    <property name="sun.desktop" value="gnome"/>
    <property name="sun.cpu.isalist" value=""/>
  </properties>
  <testcase name="testAdditionPositiveNumbers on testAdditionPositiveNumbers(com.finalproj.maven.test.CalculatorBasicTest)" classname="com.finalproj.maven.test.CalculatorBasicTest" time="0.244"/>
  <testcase name="testMultiplicationNegativeNumbers on testMultiplicationNegativeNumbers(com.finalproj.maven.test.CalculatorBasicTest)" classname="com.finalproj.maven.test.CalculatorBasicTest" time="0.147"/>
  <testcase name="testAdditionNegativeNumbers on testAdditionNegativeNumbers(com.finalproj.maven.test.CalculatorBasicTest)" classname="com.finalproj.maven.test.CalculatorBasicTest" time="0.092"/>
  <testcase name="testAdditionZeros on testAdditionZeros(com.finalproj.maven.test.CalculatorBasicTest)" classname="com.finalproj.maven.test.CalculatorBasicTest" time="0.155"/>
  <testcase name="testSubtractionPositiveNumbers on testSubtractionPositiveNumbers(com.finalproj.maven.test.CalculatorBasicTest)" classname="com.finalproj.maven.test.CalculatorBasicTest" time="0.07"/>
  <testcase name="testDivisionPositiveNumbers on testDivisionPositiveNumbers(com.finalproj.maven.test.CalculatorBasicTest)" classname="com.finalproj.maven.test.CalculatorBasicTest" time="0.083"/>
  <testcase name="testSubtractionNegativeNumbers on testSubtractionNegativeNumbers(com.finalproj.maven.test.CalculatorBasicTest)" classname="com.finalproj.maven.test.CalculatorBasicTest" time="0.076"/>
  <testcase name="testDivisionNegativeNumbers on testDivisionNegativeNumbers(com.finalproj.maven.test.CalculatorBasicTest)" classname="com.finalproj.maven.test.CalculatorBasicTest" time="0.088"/>
  <testcase name="testMultiplicationZeros on testMultiplicationZeros(com.finalproj.maven.test.CalculatorBasicTest)" classname="com.finalproj.maven.test.CalculatorBasicTest" time="0.295"/>
  <testcase name="testMultiplicationPositiveNumbers on testMultiplicationPositiveNumbers(com.finalproj.maven.test.CalculatorBasicTest)" classname="com.finalproj.maven.test.CalculatorBasicTest" time="0.019"/>
  <testcase name="testSubtractionZeros on testSubtractionZeros(com.finalproj.maven.test.CalculatorBasicTest)" classname="com.finalproj.maven.test.CalculatorBasicTest" time="0.232"/>
  <testcase name="testDivisionZeros on testDivisionZeros(com.finalproj.maven.test.CalculatorBasicTest)" classname="com.finalproj.maven.test.CalculatorBasicTest" time="0.055"/>
  <testcase name="testSquarePositiveNumbers on testSquarePositiveNumbers(com.finalproj.maven.test.CalculatorAdvancedTest)" classname="com.finalproj.maven.test.CalculatorAdvancedTest" time="0.038"/>
  <testcase name="testSquareNegativeNumbers on testSquareNegativeNumbers(com.finalproj.maven.test.CalculatorAdvancedTest)" classname="com.finalproj.maven.test.CalculatorAdvancedTest" time="0.036"/>
  <testcase name="testSquareRtPositiveNumbers on testSquareRtPositiveNumbers(com.finalproj.maven.test.CalculatorAdvancedTest)" classname="com.finalproj.maven.test.CalculatorAdvancedTest" time="0.053"/>
  <testcase name="testSquareRtNegativeNumbers on testSquareRtNegativeNumbers(com.finalproj.maven.test.CalculatorAdvancedTest)" classname="com.finalproj.maven.test.CalculatorAdvancedTest" time="0.034"/>
  <testcase name="testPercentageZeros on testPercentageZeros(com.finalproj.maven.test.CalculatorAdvancedTest)" classname="com.finalproj.maven.test.CalculatorAdvancedTest" time="0.093"/>
  <testcase name="testCubeZeros on testCubeZeros(com.finalproj.maven.test.CalculatorAdvancedTest)" classname="com.finalproj.maven.test.CalculatorAdvancedTest" time="0"/>
  <testcase name="testSquareZeros on testSquareZeros(com.finalproj.maven.test.CalculatorAdvancedTest)" classname="com.finalproj.maven.test.CalculatorAdvancedTest" time="0.002"/>
  <testcase name="testPercentagePositiveNumbers on testPercentagePositiveNumbers(com.finalproj.maven.test.CalculatorAdvancedTest)" classname="com.finalproj.maven.test.CalculatorAdvancedTest" time="0.07"/>
  <testcase name="testPercentageNegativeNumbers on testPercentageNegativeNumbers(com.finalproj.maven.test.CalculatorAdvancedTest)" classname="com.finalproj.maven.test.CalculatorAdvancedTest" time="0.04"/>
  <testcase name="testCosZeros on testCosZeros(com.finalproj.maven.test.CalculatorAdvancedTest)" classname="com.finalproj.maven.test.CalculatorAdvancedTest" time="0"/>
  <testcase name="testCubePositiveNumbers on testCubePositiveNumbers(com.finalproj.maven.test.CalculatorAdvancedTest)" classname="com.finalproj.maven.test.CalculatorAdvancedTest" time="0.034"/>
  <testcase name="testCubeNegativeNumbers on testCubeNegativeNumbers(com.finalproj.maven.test.CalculatorAdvancedTest)" classname="com.finalproj.maven.test.CalculatorAdvancedTest" time="0.037"/>
  <testcase name="testSinPositiveNumbers on testSinPositiveNumbers(com.finalproj.maven.test.CalculatorAdvancedTest)" classname="com.finalproj.maven.test.CalculatorAdvancedTest" time="0.022"/>
  <testcase name="testCosPositiveNumbers on testCosPositiveNumbers(com.finalproj.maven.test.CalculatorAdvancedTest)" classname="com.finalproj.maven.test.CalculatorAdvancedTest" time="0.021"/>
  <testcase name="testSinNegativeNumbers on testSinNegativeNumbers(com.finalproj.maven.test.CalculatorAdvancedTest)" classname="com.finalproj.maven.test.CalculatorAdvancedTest" time="0.018"/>
  <testcase name="testCosNegativeNumbers on testCosNegativeNumbers(com.finalproj.maven.test.CalculatorAdvancedTest)" classname="com.finalproj.maven.test.CalculatorAdvancedTest" time="0.034"/>
  <testcase name="testSinZeros on testSinZeros(com.finalproj.maven.test.CalculatorAdvancedTest)" classname="com.finalproj.maven.test.CalculatorAdvancedTest" time="0.007"/>
  <testcase name="testSquareRtZeros on testSquareRtZeros(com.finalproj.maven.test.CalculatorAdvancedTest)" classname="com.finalproj.maven.test.CalculatorAdvancedTest" time="0.009"/>
</testsuite>