<?xml version="1.0" encoding="UTF-8"?>
<!-- Generated by org.testng.reporters.JUnitReportReporter -->
<testsuite hostname="ubt" name="com.finalproj.maven.test.CalculatorAdvancedTest" tests="18" failures="0" timestamp="6 Dec 2017 10:15:36 GMT" time="0.569" errors="0">
  <testcase name="testSquareRtZeros" time="0.013" classname="com.finalproj.maven.test.CalculatorAdvancedTest"/>
  <testcase name="testSinPositiveNumbers" time="0.022" classname="com.finalproj.maven.test.CalculatorAdvancedTest"/>
  <testcase name="testSquareZeros" time="0.003" classname="com.finalproj.maven.test.CalculatorAdvancedTest"/>
  <testcase name="testCubeZeros" time="0.001" classname="com.finalproj.maven.test.CalculatorAdvancedTest"/>
  <testcase name="testCosNegativeNumbers" time="0.034" classname="com.finalproj.maven.test.CalculatorAdvancedTest"/>
  <testcase name="testPercentageNegativeNumbers" time="0.041" classname="com.finalproj.maven.test.CalculatorAdvancedTest"/>
  <testcase name="testSquarePositiveNumbers" time="0.043" classname="com.finalproj.maven.test.CalculatorAdvancedTest"/>
  <testcase name="testCosZeros" time="0.000" classname="com.finalproj.maven.test.CalculatorAdvancedTest"/>
  <testcase name="testSquareNegativeNumbers" time="0.037" classname="com.finalproj.maven.test.CalculatorAdvancedTest"/>
  <testcase name="testCubePositiveNumbers" time="0.034" classname="com.finalproj.maven.test.CalculatorAdvancedTest"/>
  <testcase name="testPercentageZeros" time="0.094" classname="com.finalproj.maven.test.CalculatorAdvancedTest"/>
  <testcase name="testSquareRtPositiveNumbers" time="0.053" classname="com.finalproj.maven.test.CalculatorAdvancedTest"/>
  <testcase name="testPercentagePositiveNumbers" time="0.070" classname="com.finalproj.maven.test.CalculatorAdvancedTest"/>
  <testcase name="testSinZeros" time="0.001" classname="com.finalproj.maven.test.CalculatorAdvancedTest"/>
  <testcase name="testCosPositiveNumbers" time="0.033" classname="com.finalproj.maven.test.CalculatorAdvancedTest"/>
  <testcase name="testSinNegativeNumbers" time="0.019" classname="com.finalproj.maven.test.CalculatorAdvancedTest"/>
  <testcase name="testSquareRtNegativeNumbers" time="0.034" classname="com.finalproj.maven.test.CalculatorAdvancedTest"/>
  <testcase name="testCubeNegativeNumbers" time="0.037" classname="com.finalproj.maven.test.CalculatorAdvancedTest"/>
</testsuite> <!-- com.finalproj.maven.test.CalculatorAdvancedTest -->
