<?xml version="1.0" encoding="UTF-8"?>
<!-- Generated by org.testng.reporters.JUnitReportReporter -->
<testsuite hostname="ubt" name="com.finalproj.maven.test.CalculatorBasicTest" tests="12" failures="0" timestamp="6 Dec 2017 10:15:36 GMT" time="1.557" errors="0">
  <testcase name="testMultiplicationNegativeNumbers" time="0.146" classname="com.finalproj.maven.test.CalculatorBasicTest"/>
  <testcase name="testDivisionZeros" time="0.055" classname="com.finalproj.maven.test.CalculatorBasicTest"/>
  <testcase name="testAdditionNegativeNumbers" time="0.092" classname="com.finalproj.maven.test.CalculatorBasicTest"/>
  <testcase name="testSubtractionZeros" time="0.232" classname="com.finalproj.maven.test.CalculatorBasicTest"/>
  <testcase name="testDivisionPositiveNumbers" time="0.082" classname="com.finalproj.maven.test.CalculatorBasicTest"/>
  <testcase name="testDivisionNegativeNumbers" time="0.088" classname="com.finalproj.maven.test.CalculatorBasicTest"/>
  <testcase name="testSubtractionNegativeNumbers" time="0.075" classname="com.finalproj.maven.test.CalculatorBasicTest"/>
  <testcase name="testAdditionPositiveNumbers" time="0.253" classname="com.finalproj.maven.test.CalculatorBasicTest"/>
  <testcase name="testSubtractionPositiveNumbers" time="0.070" classname="com.finalproj.maven.test.CalculatorBasicTest"/>
  <testcase name="testMultiplicationZeros" time="0.295" classname="com.finalproj.maven.test.CalculatorBasicTest"/>
  <testcase name="testAdditionZeros" time="0.150" classname="com.finalproj.maven.test.CalculatorBasicTest"/>
  <testcase name="testMultiplicationPositiveNumbers" time="0.019" classname="com.finalproj.maven.test.CalculatorBasicTest"/>
</testsuite> <!-- com.finalproj.maven.test.CalculatorBasicTest -->
